Added Component: Designator=C1(C0805C104M8RAC7800)
Add component (AddParameter): Name = "P/N"; Value = "C0805C104M8RAC7800"; VariantName = "[No Variations]"
Added Component: Designator=C2(C0805C104M8RAC7800)
Add component (AddParameter): Name = "P/N"; Value = "C0805C104M8RAC7800"; VariantName = "[No Variations]"
Added Component: Designator=CR1(TEPT4400)
Add component (AddParameter): Name = "P/N"; Value = "TEPT4400"; VariantName = "[No Variations]"
Added Component: Designator=CR2(TSAL6200)
Add component (AddParameter): Name = "P/N"; Value = "TSAL6200"; VariantName = "[No Variations]"
Added Component: Designator=J1(TS-103-T-A)
Add component (AddParameter): Name = "Mfr_Name"; Value = "Samtec Inc"; VariantName = "[No Variations]"
Add component (AddParameter): Name = "RefDes"; Value = "RefDes"; VariantName = "[No Variations]"
Add component (AddParameter): Name = "Type"; Value = "Type"; VariantName = "[No Variations]"
Added Component: Designator=LED1(CMD15-21VRD/TR8)
Add component (AddParameter): Name = "P/N"; Value = "CMD15-21VRD/TR8"; VariantName = "[No Variations]"
Added Component: Designator=LED2(CMD15-21VRD/TR8)
Add component (AddParameter): Name = "P/N"; Value = "CMD15-21VRD/TR8"; VariantName = "[No Variations]"
Added Component: Designator=R1(ERJ-6GEYJ103V)
Add component (AddParameter): Name = "P/N"; Value = "ERJ-6GEYJ103V"; VariantName = "[No Variations]"
Added Component: Designator=R2(3296W-1-103LF)
Add component (AddParameter): Name = "P/N"; Value = "3296W-1-103LF"; VariantName = "[No Variations]"
Added Component: Designator=R3(RC0805N_PAN)
Add component (AddParameter): Name = "P/N"; Value = "ERA-6AEB101V"; VariantName = "[No Variations]"
Added Component: Designator=R4(RNCF0805TKY1K00)
Add component (AddParameter): Name = "P/N"; Value = "RNCF0805TKY1K00"; VariantName = "[No Variations]"
Added Component: Designator=R5(RNCF0805TKY1K00)
Add component (AddParameter): Name = "P/N"; Value = "RNCF0805TKY1K00"; VariantName = "[No Variations]"
Added Component: Designator=R6(ERJ-6GEYJ103V)
Add component (AddParameter): Name = "P/N"; Value = "ERJ-6GEYJ103V"; VariantName = "[No Variations]"
Added Component: Designator=U1(LM393DR)
Add component (AddParameter): Name = "P/N"; Value = "LM393DR"; VariantName = "[No Variations]"
Added Pin To Net: NetName=GND Pin=C1-1
Added Pin To Net: NetName=VCC Pin=C1-2
Added Pin To Net: NetName=GND Pin=C2-1
Added Pin To Net: NetName=D2 Pin=C2-2
Added Pin To Net: NetName=NetCR1_1 Pin=CR1-1
Added Pin To Net: NetName=GND Pin=CR1-2
Added Pin To Net: NetName=D2 Pin=CR2-1
Added Pin To Net: NetName=GND Pin=CR2-2
Added Pin To Net: NetName=D0 Pin=J1-1
Added Pin To Net: NetName=GND Pin=J1-2
Added Pin To Net: NetName=VCC Pin=J1-3
Added Pin To Net: NetName=VCC Pin=LED1-1
Added Pin To Net: NetName=NetLED1_2 Pin=LED1-2
Added Pin To Net: NetName=VCC Pin=LED2-1
Added Pin To Net: NetName=NetLED2_2 Pin=LED2-2
Added Pin To Net: NetName=D0 Pin=R1-1
Added Pin To Net: NetName=VCC Pin=R1-2
Added Pin To Net: NetName=VCC Pin=R2-1
Added Pin To Net: NetName=D1 Pin=R2-2
Added Pin To Net: NetName=GND Pin=R2-3
Added Pin To Net: NetName=NetCR1_1 Pin=R3-1
Added Pin To Net: NetName=VCC Pin=R3-2
Added Pin To Net: NetName=D0 Pin=R4-1
Added Pin To Net: NetName=NetLED1_2 Pin=R4-2
Added Pin To Net: NetName=GND Pin=R5-1
Added Pin To Net: NetName=NetLED2_2 Pin=R5-2
Added Pin To Net: NetName=D2 Pin=R6-1
Added Pin To Net: NetName=VCC Pin=R6-2
Added Pin To Net: NetName=D1 Pin=U1-2
Added Pin To Net: NetName=GND Pin=U1-4
Added Pin To Net: NetName=D2 Pin=U1-5
Added Pin To Net: NetName=D0 Pin=U1-7
Added Pin To Net: NetName=VCC Pin=U1-8
Added Member To Class: ClassName=Sheet1 Member=Component C1 100 nF
Added Member To Class: ClassName=Sheet1 Member=Component C2 100 nF
Added Member To Class: ClassName=Sheet1 Member=Component CR1 TEPT4400
Added Member To Class: ClassName=Sheet1 Member=Component CR2 TSAL6200
Added Member To Class: ClassName=Sheet1 Member=Component J1 TS-103-T-A
Added Member To Class: ClassName=Sheet1 Member=Component LED1 SWITCH LED
Added Member To Class: ClassName=Sheet1 Member=Component LED2 POWER LED
Added Member To Class: ClassName=Sheet1 Member=Component R1 10 K
Added Member To Class: ClassName=Sheet1 Member=Component R2 10 K
Added Member To Class: ClassName=Sheet1 Member=Component R3 100 R
Added Member To Class: ClassName=Sheet1 Member=Component R4 1 K
Added Member To Class: ClassName=Sheet1 Member=Component R5 1 K
Added Member To Class: ClassName=Sheet1 Member=Component R6 10 K
Added Member To Class: ClassName=Sheet1 Member=Component U1 LM393DR
Added Room: Name=Sheet1
